<?xml version="1.0" encoding="UTF-8"?>
<!-- Generated by org.testng.reporters.JUnitReportReporter -->
<testsuite skipped="1" hostname="DESKTOP-CD4PKTO" name="employeePackage.OptionalParameterTest" tests="2" failures="0" timestamp="2021-01-24T12:27:02 CST" time="0.000" errors="0">
  <testcase name="g" time="0.000" classname="employeePackage.OptionalParameterTest">
    <skipped/>
  </testcase> <!-- g -->
  <system-out/>
  <testcase name="f" time="0.000" classname="employeePackage.OptionalParameterTest"/>
  <system-out/>
</testsuite> <!-- employeePackage.OptionalParameterTest -->
