<?xml version="1.0" encoding="UTF-8"?>
<!-- Generated by org.testng.reporters.JUnitReportReporter -->
<testsuite skipped="0" hostname="DESKTOP-CD4PKTO" name="employeePackage.LoginToFreeCRM" tests="11" failures="0" timestamp="2021-01-24T12:17:32 CST" time="33.471" errors="0">
  <testcase name="LoginStepDefinition_init" time="10.980" classname="employeePackage.LoginToFreeCRM"/>
  <system-out/>
  <testcase name="userVerifySignInButtonIsPresent" time="4.046" classname="employeePackage.LoginToFreeCRM"/>
  <system-out/>
  <testcase name="verifyLoginButtonIsPresent" time="0.083" classname="employeePackage.LoginToFreeCRM"/>
  <system-out/>
  <testcase name="userEntersLoginNameAndPassword" time="0.127" classname="employeePackage.LoginToFreeCRM"/>
  <system-out/>
  <testcase name="userClickOnSignInButton" time="4.476" classname="employeePackage.LoginToFreeCRM"/>
  <system-out/>
  <testcase name="verifyHomePageIsOpened" time="0.047" classname="employeePackage.LoginToFreeCRM"/>
  <system-out/>
  <testcase name="clicksOnPersonalInformationButton" time="3.336" classname="employeePackage.LoginToFreeCRM"/>
  <system-out/>
  <testcase name="enterPersonalDeatils" time="0.129" classname="employeePackage.LoginToFreeCRM"/>
  <system-out/>
  <testcase name="clickOnSaveButtonPersonalInformationPage" time="3.892" classname="employeePackage.LoginToFreeCRM"/>
  <system-out/>
  <testcase name="userClicksOnSignOut" time="5.252" classname="employeePackage.LoginToFreeCRM"/>
  <system-out/>
  <testcase name="tearDown" time="1.103" classname="employeePackage.LoginToFreeCRM"/>
  <system-out/>
</testsuite> <!-- employeePackage.LoginToFreeCRM -->
