<?xml version="1.0" encoding="UTF-8"?>
<!-- Generated by org.testng.reporters.JUnitReportReporter -->
<testsuite skipped="0" hostname="DESKTOP-CD4PKTO" name="employeePackage.TestEmployeeDEtails" tests="1" failures="0" timestamp="2021-01-23T21:43:45 CST" time="0.009" errors="0">
  <testcase name="calculateAppraisal" time="0.009" classname="employeePackage.TestEmployeeDEtails"/>
  <system-out/>
</testsuite> <!-- employeePackage.TestEmployeeDEtails -->
