<?xml version="1.0" encoding="UTF-8"?>
<!-- Generated by org.testng.reporters.JUnitReportReporter -->
<testsuite skipped="0" hostname="DESKTOP-CD4PKTO" name="employeePackage.DataProviderPractice" tests="2" failures="0" timestamp="2021-01-24T18:01:45 CST" time="0.007" errors="0">
  <testcase name="testCase1" time="0.005" classname="employeePackage.DataProviderPractice"/>
  <system-out/>
  <testcase name="testCase1" time="0.002" classname="employeePackage.DataProviderPractice"/>
  <system-out/>
</testsuite> <!-- employeePackage.DataProviderPractice -->
